INFO:     Will watch for changes in these directories: ['/home/azim/Desktop/locomotive_bot']
INFO:     Uvicorn running on http://127.0.0.1:8000 (Press CTRL+C to quit)
INFO:     Started reloader process [30005] using WatchFiles
INFO:     Started server process [30024]
INFO:     Waiting for application startup.
INFO:     Application startup complete.
INFO:     127.0.0.1:58084 - "POST /api/auth/login HTTP/1.1" 200 OK
INFO:     127.0.0.1:58100 - "POST /api/chat/send HTTP/1.1" 500 Internal Server Error
ERROR:    Exception in ASGI application
Traceback (most recent call last):
  File "/home/azim/Desktop/locomotive_bot/.venv/lib/python3.12/site-packages/uvicorn/protocols/http/httptools_impl.py", line 416, in run_asgi
    result = await app(  # type: ignore[func-returns-value]
             ^^^^^^^^^^^^^^^^^^^^^^^^^^^^^^^^^^^^^^^^^^^^^^
  File "/home/azim/Desktop/locomotive_bot/.venv/lib/python3.12/site-packages/uvicorn/middleware/proxy_headers.py", line 60, in __call__
    return await self.app(scope, receive, send)
           ^^^^^^^^^^^^^^^^^^^^^^^^^^^^^^^^^^^^
  File "/home/azim/Desktop/locomotive_bot/.venv/lib/python3.12/site-packages/fastapi/applications.py", line 1135, in __call__
    await super().__call__(scope, receive, send)
  File "/home/azim/Desktop/locomotive_bot/.venv/lib/python3.12/site-packages/starlette/applications.py", line 107, in __call__
    await self.middleware_stack(scope, receive, send)
  File "/home/azim/Desktop/locomotive_bot/.venv/lib/python3.12/site-packages/starlette/middleware/errors.py", line 186, in __call__
    raise exc
  File "/home/azim/Desktop/locomotive_bot/.venv/lib/python3.12/site-packages/starlette/middleware/errors.py", line 164, in __call__
    await self.app(scope, receive, _send)
  File "/home/azim/Desktop/locomotive_bot/.venv/lib/python3.12/site-packages/starlette/middleware/exceptions.py", line 63, in __call__
    await wrap_app_handling_exceptions(self.app, conn)(scope, receive, send)
  File "/home/azim/Desktop/locomotive_bot/.venv/lib/python3.12/site-packages/starlette/_exception_handler.py", line 53, in wrapped_app
    raise exc
  File "/home/azim/Desktop/locomotive_bot/.venv/lib/python3.12/site-packages/starlette/_exception_handler.py", line 42, in wrapped_app
    await app(scope, receive, sender)
  File "/home/azim/Desktop/locomotive_bot/.venv/lib/python3.12/site-packages/fastapi/middleware/asyncexitstack.py", line 18, in __call__
    await self.app(scope, receive, send)
  File "/home/azim/Desktop/locomotive_bot/.venv/lib/python3.12/site-packages/starlette/routing.py", line 716, in __call__
    await self.middleware_stack(scope, receive, send)
  File "/home/azim/Desktop/locomotive_bot/.venv/lib/python3.12/site-packages/starlette/routing.py", line 736, in app
    await route.handle(scope, receive, send)
  File "/home/azim/Desktop/locomotive_bot/.venv/lib/python3.12/site-packages/starlette/routing.py", line 290, in handle
    await self.app(scope, receive, send)
  File "/home/azim/Desktop/locomotive_bot/.venv/lib/python3.12/site-packages/fastapi/routing.py", line 115, in app
    await wrap_app_handling_exceptions(app, request)(scope, receive, send)
  File "/home/azim/Desktop/locomotive_bot/.venv/lib/python3.12/site-packages/starlette/_exception_handler.py", line 53, in wrapped_app
    raise exc
  File "/home/azim/Desktop/locomotive_bot/.venv/lib/python3.12/site-packages/starlette/_exception_handler.py", line 42, in wrapped_app
    await app(scope, receive, sender)
  File "/home/azim/Desktop/locomotive_bot/.venv/lib/python3.12/site-packages/fastapi/routing.py", line 101, in app
    response = await f(request)
               ^^^^^^^^^^^^^^^^
  File "/home/azim/Desktop/locomotive_bot/.venv/lib/python3.12/site-packages/fastapi/routing.py", line 355, in app
    raw_response = await run_endpoint_function(
                   ^^^^^^^^^^^^^^^^^^^^^^^^^^^^
  File "/home/azim/Desktop/locomotive_bot/.venv/lib/python3.12/site-packages/fastapi/routing.py", line 245, in run_endpoint_function
    return await run_in_threadpool(dependant.call, **values)
           ^^^^^^^^^^^^^^^^^^^^^^^^^^^^^^^^^^^^^^^^^^^^^^^^^
  File "/home/azim/Desktop/locomotive_bot/.venv/lib/python3.12/site-packages/starlette/concurrency.py", line 32, in run_in_threadpool
    return await anyio.to_thread.run_sync(func)
           ^^^^^^^^^^^^^^^^^^^^^^^^^^^^^^^^^^^^
  File "/home/azim/Desktop/locomotive_bot/.venv/lib/python3.12/site-packages/anyio/to_thread.py", line 63, in run_sync
    return await get_async_backend().run_sync_in_worker_thread(
           ^^^^^^^^^^^^^^^^^^^^^^^^^^^^^^^^^^^^^^^^^^^^^^^^^^^^
  File "/home/azim/Desktop/locomotive_bot/.venv/lib/python3.12/site-packages/anyio/_backends/_asyncio.py", line 2502, in run_sync_in_worker_thread
    return await future
           ^^^^^^^^^^^^
  File "/home/azim/Desktop/locomotive_bot/.venv/lib/python3.12/site-packages/anyio/_backends/_asyncio.py", line 986, in run
    result = context.run(func, *args)
             ^^^^^^^^^^^^^^^^^^^^^^^^
  File "/home/azim/Desktop/locomotive_bot/app/api/chat.py", line 94, in send_message
    session=_session_to_response(result["session"]),
            ^^^^^^^^^^^^^^^^^^^^^^^^^^^^^^^^^^^^^^^
  File "/home/azim/Desktop/locomotive_bot/app/api/chat.py", line 22, in _session_to_response
    return ChatSessionResponse(
           ^^^^^^^^^^^^^^^^^^^^
  File "/home/azim/Desktop/locomotive_bot/.venv/lib/python3.12/site-packages/pydantic/main.py", line 250, in __init__
    validated_self = self.__pydantic_validator__.validate_python(data, self_instance=self)
                     ^^^^^^^^^^^^^^^^^^^^^^^^^^^^^^^^^^^^^^^^^^^^^^^^^^^^^^^^^^^^^^^^^^^^^
pydantic_core._pydantic_core.ValidationError: 1 validation error for ChatSessionResponse
id
  Input should be a valid string [type=string_type, input_value=UUID('d529acf7-aaba-40c9-9cda-2c192e2a9038'), input_type=UUID]
    For further information visit https://errors.pydantic.dev/2.12/v/string_type
WARNING:  WatchFiles detected changes in 'app/api/chat.py'. Reloading...
INFO:     Shutting down
INFO:     Waiting for application shutdown.
INFO:     Application shutdown complete.
INFO:     Finished server process [30024]
INFO:     Started server process [30194]
INFO:     Waiting for application startup.
INFO:     Application startup complete.
INFO:     127.0.0.1:47806 - "POST /api/chat/send HTTP/1.1" 200 OK
INFO:     127.0.0.1:54066 - "POST /api/auth/login HTTP/1.1" 200 OK
INFO:     127.0.0.1:38250 - "POST /api/chat/send HTTP/1.1" 200 OK
INFO:     127.0.0.1:41672 - "GET /api/chat/sessions HTTP/1.1" 200 OK
INFO:     127.0.0.1:54110 - "GET /api/chat/sessions/6e1b7596-fe36-422c-81ac-cb32af6b41cb/messages HTTP/1.1" 200 OK
INFO:     Shutting down
INFO:     Waiting for application shutdown.
INFO:     Application shutdown complete.
INFO:     Finished server process [30194]
INFO:     Stopping reloader process [30005]
